<?xml version="1.0" encoding="UTF-8"?>
<!-- Generated by org.testng.reporters.JUnitReportReporter -->
<testsuite hostname="LAPTOP-K8IGKC6A" failures="0" tests="4" name="api.test.UserTest2" time="16.006" errors="0" timestamp="2024-11-13T19:33:18 IST" skipped="0">
  <testcase classname="api.test.UserTest2" name="testPostUser" time="9.812"/>
  <testcase classname="api.test.UserTest2" name="testGetUserByName" time="1.403"/>
  <testcase classname="api.test.UserTest2" name="testUpdateUserByName" time="2.865"/>
  <testcase classname="api.test.UserTest2" name="testDeleteUserByName" time="1.926"/>
</testsuite> <!-- api.test.UserTest2 -->
