<?xml version="1.0" encoding="UTF-8"?>
<!-- Generated by org.testng.reporters.JUnitReportReporter -->
<testsuite hostname="LAPTOP-K8IGKC6A" failures="0" tests="4" name="api.test.UserTests" time="13.893" errors="0" timestamp="2024-11-13T19:17:07 IST" skipped="0">
  <testcase classname="api.test.UserTests" name="testPostUser" time="8.385"/>
  <testcase classname="api.test.UserTests" name="testGetUserByName" time="1.499"/>
  <testcase classname="api.test.UserTests" name="testUpdateUserByName" time="2.677"/>
  <testcase classname="api.test.UserTests" name="testDeleteUserByName" time="1.332"/>
</testsuite> <!-- api.test.UserTests -->
