<?xml version="1.0" encoding="UTF-8"?>
<!-- Generated by org.testng.reporters.JUnitReportReporter -->
<testsuite hostname="LAPTOP-K8IGKC6A" failures="0" tests="3" name="api.test.StoreTest" time="12.303" errors="0" timestamp="2024-11-14T05:36:24 IST" skipped="0">
  <testcase classname="api.test.StoreTest" name="testPostOrder" time="9.536"/>
  <testcase classname="api.test.StoreTest" name="testGetOrderById" time="1.466"/>
  <testcase classname="api.test.StoreTest" name="testDeleteOrderById" time="1.301"/>
</testsuite> <!-- api.test.StoreTest -->
