<?xml version="1.0" encoding="UTF-8"?>
<!-- Generated by org.testng.reporters.JUnitReportReporter -->
<testsuite hostname="LAPTOP-K8IGKC6A" failures="0" tests="3" name="api.test.StoreTests" time="3.839" errors="0" timestamp="2024-11-14T06:48:17 IST" skipped="0">
  <testcase classname="api.test.StoreTests" name="testPostOrder" time="1.355"/>
  <testcase classname="api.test.StoreTests" name="testGetOrderById" time="1.249"/>
  <testcase classname="api.test.StoreTests" name="testDeleteOrderById" time="1.235"/>
</testsuite> <!-- api.test.StoreTests -->
