<?xml version="1.0" encoding="UTF-8"?>
<!-- Generated by org.testng.reporters.JUnitReportReporter -->
<testsuite hostname="LAPTOP-K8IGKC6A" failures="0" tests="4" name="api.test.UserTests" time="6.200" errors="0" timestamp="2024-11-14T06:48:17 IST" skipped="0">
  <testcase classname="api.test.UserTests" name="testPostUser" time="1.277"/>
  <testcase classname="api.test.UserTests" name="testGetUserByName" time="1.237"/>
  <testcase classname="api.test.UserTests" name="testUpdateUserByName" time="2.436"/>
  <testcase classname="api.test.UserTests" name="testDeleteUserByName" time="1.250"/>
</testsuite> <!-- api.test.UserTests -->
