<?xml version="1.0" encoding="UTF-8"?>
<!-- Generated by org.testng.reporters.JUnitReportReporter -->
<testsuite hostname="LAPTOP-K8IGKC6A" failures="0" tests="6" name="api.test.DataDrivenTests" time="14.154" errors="0" timestamp="2024-11-14T06:48:17 IST" skipped="0">
  <testcase classname="api.test.DataDrivenTests" name="testPostUser" time="7.374"/>
  <testcase classname="api.test.DataDrivenTests" name="testPostUser" time="1.291"/>
  <testcase classname="api.test.DataDrivenTests" name="testPostUser" time="1.309"/>
  <testcase classname="api.test.DataDrivenTests" name="testDeleteUserByName" time="1.382"/>
  <testcase classname="api.test.DataDrivenTests" name="testDeleteUserByName" time="1.347"/>
  <testcase classname="api.test.DataDrivenTests" name="testDeleteUserByName" time="1.451"/>
</testsuite> <!-- api.test.DataDrivenTests -->
